0 info it worked if it ends with ok
1 verbose cli [ 'C:\\Program Files\\nodejs\\node.exe',
1 verbose cli   'C:\\Program Files\\nodejs\\node_modules\\npm\\bin\\npm-cli.js',
1 verbose cli   'owner',
1 verbose cli   'ls',
1 verbose cli   'math-department' ]
2 info using npm@3.10.10
3 info using node@v6.11.0
4 silly mapToRegistry name math-department
5 silly mapToRegistry using default registry
6 silly mapToRegistry registry https://registry.npmjs.org/
7 silly mapToRegistry data Result {
7 silly mapToRegistry   raw: 'math-department',
7 silly mapToRegistry   scope: null,
7 silly mapToRegistry   escapedName: 'math-department',
7 silly mapToRegistry   name: 'math-department',
7 silly mapToRegistry   rawSpec: '',
7 silly mapToRegistry   spec: 'latest',
7 silly mapToRegistry   type: 'tag' }
8 silly mapToRegistry uri https://registry.npmjs.org/math-department
9 verbose request uri https://registry.npmjs.org/math-department
10 verbose request no auth needed
11 info attempt registry request try #1 at 9:40:02 PM
12 verbose request id 902bf2156e21a45f
13 http request GET https://registry.npmjs.org/math-department
14 http 404 https://registry.npmjs.org/math-department
15 verbose headers { 'content-type': 'application/json',
15 verbose headers   'cache-control': 'max-age=0',
15 verbose headers   'content-length': '2',
15 verbose headers   'accept-ranges': 'bytes',
15 verbose headers   date: 'Sun, 07 Jan 2018 02:40:02 GMT',
15 verbose headers   via: '1.1 varnish',
15 verbose headers   connection: 'keep-alive',
15 verbose headers   'x-served-by': 'cache-ewr18142-EWR',
15 verbose headers   'x-cache': 'MISS',
15 verbose headers   'x-cache-hits': '0',
15 verbose headers   'x-timer': 'S1515292802.823544,VS0,VE840',
15 verbose headers   vary: 'Accept-Encoding' }
16 silly get cb [ 404,
16 silly get   { 'content-type': 'application/json',
16 silly get     'cache-control': 'max-age=0',
16 silly get     'content-length': '2',
16 silly get     'accept-ranges': 'bytes',
16 silly get     date: 'Sun, 07 Jan 2018 02:40:02 GMT',
16 silly get     via: '1.1 varnish',
16 silly get     connection: 'keep-alive',
16 silly get     'x-served-by': 'cache-ewr18142-EWR',
16 silly get     'x-cache': 'MISS',
16 silly get     'x-cache-hits': '0',
16 silly get     'x-timer': 'S1515292802.823544,VS0,VE840',
16 silly get     vary: 'Accept-Encoding' } ]
17 error owner ls Couldn't get owner data math-department
18 verbose stack Error: Registry returned 404 for GET on https://registry.npmjs.org/math-department
18 verbose stack     at makeError (C:\Program Files\nodejs\node_modules\npm\node_modules\npm-registry-client\lib\request.js:302:12)
18 verbose stack     at CachingRegistryClient.<anonymous> (C:\Program Files\nodejs\node_modules\npm\node_modules\npm-registry-client\lib\request.js:280:14)
18 verbose stack     at Request._callback (C:\Program Files\nodejs\node_modules\npm\node_modules\npm-registry-client\lib\request.js:210:14)
18 verbose stack     at Request.self.callback (C:\Program Files\nodejs\node_modules\npm\node_modules\request\request.js:187:22)
18 verbose stack     at emitTwo (events.js:106:13)
18 verbose stack     at Request.emit (events.js:191:7)
18 verbose stack     at Request.<anonymous> (C:\Program Files\nodejs\node_modules\npm\node_modules\request\request.js:1048:10)
18 verbose stack     at emitOne (events.js:96:13)
18 verbose stack     at Request.emit (events.js:188:7)
18 verbose stack     at IncomingMessage.<anonymous> (C:\Program Files\nodejs\node_modules\npm\node_modules\request\request.js:969:12)
19 verbose statusCode 404
20 verbose pkgid math-department
21 verbose cwd C:\Users\tfraz\Desktop\math
22 error Windows_NT 10.0.16299
23 error argv "C:\\Program Files\\nodejs\\node.exe" "C:\\Program Files\\nodejs\\node_modules\\npm\\bin\\npm-cli.js" "owner" "ls" "math-department"
24 error node v6.11.0
25 error npm  v3.10.10
26 error code E404
27 error 404 Registry returned 404 for GET on https://registry.npmjs.org/math-department
28 error 404
29 error 404 'math-department' is not in the npm registry.
30 error 404 You should bug the author to publish it (or use the name yourself!)
31 error 404 Note that you can also install from a
32 error 404 tarball, folder, http url, or git url.
33 verbose exit [ 1, true ]
